<?xml version="1.0" encoding="UTF-8"?>
<!-- Generated by org.testng.reporters.JUnitReportReporter -->
<testsuite hostname="Mohamed-PC" failures="0" tests="10" name="TestNGConcept._03_InvocationCount" time="0.201" errors="0" timestamp="2020-11-12T10:15:07 IST" skipped="0">
  <testcase classname="TestNGConcept._03_InvocationCount" name="Sum" time="0.004"/>
  <system-out/>
  <testcase classname="TestNGConcept._03_InvocationCount" name="Sum" time="0.003"/>
  <system-out/>
  <testcase classname="TestNGConcept._03_InvocationCount" name="Sum" time="0.021"/>
  <system-out/>
  <testcase classname="TestNGConcept._03_InvocationCount" name="Sum" time="0.008"/>
  <system-out/>
  <testcase classname="TestNGConcept._03_InvocationCount" name="Sum" time="0.006"/>
  <system-out/>
  <testcase classname="TestNGConcept._03_InvocationCount" name="Sum" time="0.003"/>
  <system-out/>
  <testcase classname="TestNGConcept._03_InvocationCount" name="Sum" time="0.137"/>
  <system-out/>
  <testcase classname="TestNGConcept._03_InvocationCount" name="Sum" time="0.003"/>
  <system-out/>
  <testcase classname="TestNGConcept._03_InvocationCount" name="Sum" time="0.003"/>
  <system-out/>
  <testcase classname="TestNGConcept._03_InvocationCount" name="Sum" time="0.013"/>
  <system-out/>
</testsuite> <!-- TestNGConcept._03_InvocationCount -->
