<?xml version="1.0" encoding="UTF-8"?>
<!-- Generated by org.testng.reporters.JUnitReportReporter -->
<testsuite hostname="Mohamed-PC" failures="0" tests="1" name="TestNGConcept._07_ExpectedExpectations" time="0.018" errors="0" timestamp="2020-11-09T14:49:05 IST" skipped="0">
  <testcase classname="TestNGConcept._07_ExpectedExpectations" name="exceptions" time="0.018"/>
  <system-out/>
</testsuite> <!-- TestNGConcept._07_ExpectedExpectations -->
