<?xml version="1.0" encoding="UTF-8"?>
<!-- Generated by org.testng.reporters.JUnitReportReporter -->
<testsuite hostname="Mohamed-PC" failures="0" tests="4" name="TestNGConcept._04_TestNGFeatures" time="61.222" errors="0" timestamp="2020-11-09T14:27:43 IST" skipped="0">
  <testcase classname="TestNGConcept._04_TestNGFeatures" name="TitleTest" time="7.642"/>
  <system-out/>
  <testcase classname="TestNGConcept._04_TestNGFeatures" name="logotest" time="14.981"/>
  <system-out/>
  <testcase classname="TestNGConcept._04_TestNGFeatures" name="searchbox" time="14.960"/>
  <system-out/>
  <testcase classname="TestNGConcept._04_TestNGFeatures" name="searchboxentry" time="23.639"/>
  <system-out/>
</testsuite> <!-- TestNGConcept._04_TestNGFeatures -->
