<?xml version="1.0" encoding="UTF-8"?>
<!-- Generated by org.testng.reporters.JUnitReportReporter -->
<testsuite hostname="Mohamed-PC" failures="0" tests="1" name="TestNGConcept._07_AssertKeyWord" time="15.376" errors="0" timestamp="2020-11-09T15:08:41 IST" skipped="0">
  <testcase classname="TestNGConcept._07_AssertKeyWord" name="titletest" time="15.376"/>
  <system-out/>
</testsuite> <!-- TestNGConcept._07_AssertKeyWord -->
