<?xml version="1.0" encoding="UTF-8"?>
<!-- Generated by org.testng.reporters.JUnitReportReporter -->
<testsuite hostname="Mohamed-PC" failures="0" tests="3" name="TestNGConcept._01_TestNGBasics" time="0.067" errors="0" timestamp="2020-11-12T10:15:07 IST" skipped="0">
  <testcase classname="TestNGConcept._01_TestNGBasics" name="search" time="0.024"/>
  <system-out/>
  <testcase classname="TestNGConcept._01_TestNGBasics" name="submit" time="0.011"/>
  <system-out/>
  <testcase classname="TestNGConcept._01_TestNGBasics" name="gettitle" time="0.032"/>
  <system-out/>
</testsuite> <!-- TestNGConcept._01_TestNGBasics -->
