<?xml version="1.0" encoding="UTF-8"?>
<!-- Generated by org.testng.reporters.JUnitReportReporter -->
<testsuite hostname="Mohamed-PC" failures="0" tests="1" name="TestNGConcept._10_ParametersConcept" time="33.935" errors="0" timestamp="2020-11-15T20:01:49 IST" skipped="0">
  <testcase classname="TestNGConcept._10_ParametersConcept" name="AmazonRegistrationTest" time="33.935"/>
  <system-out/>
</testsuite> <!-- TestNGConcept._10_ParametersConcept -->
